<?xml version="1.0" encoding="UTF-8"?>
<testsuite errors="0" failures="0" name="tests.DayTestCase-20181128011445" skipped="0" tests="4" time="0.455" timestamp="2018-11-28T01:14:45">
	<testcase classname="tests.DayTestCase" name="test_Day_day_tests" time="0.122" timestamp="2018-11-28T01:14:45"/>
	<testcase classname="tests.DayTestCase" name="test_Day_log_tests" time="0.114" timestamp="2018-11-28T01:14:45"/>
	<testcase classname="tests.DayTestCase" name="test_Day_rating_tests" time="0.111" timestamp="2018-11-28T01:14:45"/>
	<testcase classname="tests.DayTestCase" name="test_Day_user_tests" time="0.109" timestamp="2018-11-28T01:14:45"/>
	<system-out>
<![CDATA[

test_anxiety.day:  1999-12-31
test_depression.day:  2018-11-28


test_anxiety.log:  anxiety test log
test_depression.log:  


test_anxiety.rating:  50.0
test_depression.rating:  60.0


The user.id of test_anxiety:  5
The user.id of test_depression:  5
The user of test_anxiety:  test
The user of test_depression:  test
]]>	</system-out>
	<system-err>
<![CDATA[]]>	</system-err>
</testsuite>
