<?xml version="1.0" encoding="UTF-8"?>
<testsuite errors="0" failures="0" name="tests.DayFormTest-20181127001544" skipped="0" tests="1" time="0.119" timestamp="2018-11-27T00:15:44">
	<testcase classname="tests.DayFormTest" name="test_DayForm_tests" time="0.119" timestamp="2018-11-27T00:15:44"/>
	<system-out>
<![CDATA[{'log': 'test_anxiety', 'rating': Decimal('5.0')}
{'log': 'test_depression', 'rating': Decimal('6.0')}
]]>	</system-out>
	<system-err>
<![CDATA[]]>	</system-err>
</testsuite>
